<?xml version="1.0" encoding="UTF-8"?>
<robot generator="Robot 3.1.2 (Python 3.7.4 on win32)" generated="20200904 09:09:56.336" rpa="false">
<suite id="s1" name="Suite1" source="E:\studytemp\testcase\suite1.robot">
<test id="s1-t1" name="MY_001">
<kw name="Test 001" library="test_my">
<msg timestamp="20200904 09:09:56.373" level="INFO">testing complet11</msg>
<status status="PASS" starttime="20200904 09:09:56.373" endtime="20200904 09:09:56.373"></status>
</kw>
<status status="PASS" starttime="20200904 09:09:56.372" endtime="20200904 09:09:56.373" critical="yes"></status>
</test>
<status status="PASS" starttime="20200904 09:09:56.338" endtime="20200904 09:09:56.375"></status>
</suite>
<statistics>
<total>
<stat pass="1" fail="0">Critical Tests</stat>
<stat pass="1" fail="0">All Tests</stat>
</total>
<tag>
</tag>
<suite>
<stat pass="1" fail="0" id="s1" name="Suite1">Suite1</stat>
</suite>
</statistics>
<errors>
</errors>
</robot>
